[2025-11-12 13:34:22Z INFO HostContext] No proxy settings were found based on environmental variables (http_proxy/https_proxy/HTTP_PROXY/HTTPS_PROXY)
[2025-11-12 13:34:22Z INFO HostContext] Well known directory 'Bin': 'C:\Users\secre\Desktop\teste\actions-runner\bin'
[2025-11-12 13:34:22Z INFO HostContext] Well known directory 'Root': 'C:\Users\secre\Desktop\teste\actions-runner'
[2025-11-12 13:34:22Z INFO HostContext] Well known config file 'Credentials': 'C:\Users\secre\Desktop\teste\actions-runner\.credentials'
[2025-11-12 13:34:22Z INFO HostContext] Well known directory 'Bin': 'C:\Users\secre\Desktop\teste\actions-runner\bin'
[2025-11-12 13:34:22Z INFO HostContext] Well known directory 'Root': 'C:\Users\secre\Desktop\teste\actions-runner'
[2025-11-12 13:34:22Z INFO HostContext] Well known config file 'Runner': 'C:\Users\secre\Desktop\teste\actions-runner\.runner'
[2025-11-12 13:34:22Z INFO Listener] Runner is built for Windows (X64) - win-x64.
[2025-11-12 13:34:22Z INFO Listener] RuntimeInformation: Microsoft Windows 10.0.22621.
[2025-11-12 13:34:22Z INFO Listener] Version: 2.329.0
[2025-11-12 13:34:22Z INFO Listener] Commit: c76c59996c8fa32e989164a5a695efb12608ae5a
[2025-11-12 13:34:22Z INFO Listener] Culture: pt-BR
[2025-11-12 13:34:22Z INFO Listener] UI Culture: pt-BR
[2025-11-12 13:34:22Z INFO HostContext] Well known directory 'Bin': 'C:\Users\secre\Desktop\teste\actions-runner\bin'
[2025-11-12 13:34:22Z INFO HostContext] Well known directory 'Root': 'C:\Users\secre\Desktop\teste\actions-runner'
[2025-11-12 13:34:22Z INFO Listener] Validating directory permissions for: 'C:\Users\secre\Desktop\teste\actions-runner'
[2025-11-12 13:34:22Z INFO CommandLineParser] Parse
[2025-11-12 13:34:22Z INFO CommandLineParser] Parsing 1 args
[2025-11-12 13:34:22Z INFO CommandLineParser] parsing argument
[2025-11-12 13:34:22Z INFO CommandLineParser] HasArgs: False
[2025-11-12 13:34:22Z INFO CommandLineParser] Adding Command: run
[2025-11-12 13:34:22Z INFO Listener] Arguments parsed
[2025-11-12 13:34:22Z INFO Runner] ExecuteCommand
[2025-11-12 13:34:22Z INFO ConfigurationStore] currentAssemblyLocation: C:\Users\secre\Desktop\teste\actions-runner\bin\Runner.Listener.dll
[2025-11-12 13:34:22Z INFO HostContext] Well known directory 'Bin': 'C:\Users\secre\Desktop\teste\actions-runner\bin'
[2025-11-12 13:34:22Z INFO ConfigurationStore] binPath: C:\Users\secre\Desktop\teste\actions-runner\bin
[2025-11-12 13:34:22Z INFO HostContext] Well known directory 'Bin': 'C:\Users\secre\Desktop\teste\actions-runner\bin'
[2025-11-12 13:34:22Z INFO HostContext] Well known directory 'Root': 'C:\Users\secre\Desktop\teste\actions-runner'
[2025-11-12 13:34:22Z INFO ConfigurationStore] RootFolder: C:\Users\secre\Desktop\teste\actions-runner
[2025-11-12 13:34:22Z INFO HostContext] Well known directory 'Bin': 'C:\Users\secre\Desktop\teste\actions-runner\bin'
[2025-11-12 13:34:22Z INFO HostContext] Well known directory 'Root': 'C:\Users\secre\Desktop\teste\actions-runner'
[2025-11-12 13:34:22Z INFO HostContext] Well known config file 'Runner': 'C:\Users\secre\Desktop\teste\actions-runner\.runner'
[2025-11-12 13:34:22Z INFO ConfigurationStore] ConfigFilePath: C:\Users\secre\Desktop\teste\actions-runner\.runner
[2025-11-12 13:34:22Z INFO HostContext] Well known directory 'Bin': 'C:\Users\secre\Desktop\teste\actions-runner\bin'
[2025-11-12 13:34:22Z INFO HostContext] Well known directory 'Root': 'C:\Users\secre\Desktop\teste\actions-runner'
[2025-11-12 13:34:22Z INFO HostContext] Well known config file 'MigratedRunner': 'C:\Users\secre\Desktop\teste\actions-runner\.runner_migrated'
[2025-11-12 13:34:22Z INFO ConfigurationStore] MigratedConfigFilePath: C:\Users\secre\Desktop\teste\actions-runner\.runner_migrated
[2025-11-12 13:34:22Z INFO HostContext] Well known directory 'Bin': 'C:\Users\secre\Desktop\teste\actions-runner\bin'
[2025-11-12 13:34:22Z INFO HostContext] Well known directory 'Root': 'C:\Users\secre\Desktop\teste\actions-runner'
[2025-11-12 13:34:22Z INFO HostContext] Well known config file 'Credentials': 'C:\Users\secre\Desktop\teste\actions-runner\.credentials'
[2025-11-12 13:34:22Z INFO ConfigurationStore] CredFilePath: C:\Users\secre\Desktop\teste\actions-runner\.credentials
[2025-11-12 13:34:22Z INFO HostContext] Well known directory 'Bin': 'C:\Users\secre\Desktop\teste\actions-runner\bin'
[2025-11-12 13:34:22Z INFO HostContext] Well known directory 'Root': 'C:\Users\secre\Desktop\teste\actions-runner'
[2025-11-12 13:34:22Z INFO HostContext] Well known config file 'MigratedCredentials': 'C:\Users\secre\Desktop\teste\actions-runner\.credentials_migrated'
[2025-11-12 13:34:22Z INFO ConfigurationStore] MigratedCredFilePath: C:\Users\secre\Desktop\teste\actions-runner\.credentials_migrated
[2025-11-12 13:34:22Z INFO HostContext] Well known directory 'Bin': 'C:\Users\secre\Desktop\teste\actions-runner\bin'
[2025-11-12 13:34:22Z INFO HostContext] Well known directory 'Root': 'C:\Users\secre\Desktop\teste\actions-runner'
[2025-11-12 13:34:22Z INFO HostContext] Well known config file 'Service': 'C:\Users\secre\Desktop\teste\actions-runner\.service'
[2025-11-12 13:34:22Z INFO ConfigurationStore] ServiceConfigFilePath: C:\Users\secre\Desktop\teste\actions-runner\.service
[2025-11-12 13:34:22Z INFO CommandSettings] Flag 'help': 'False'
[2025-11-12 13:34:22Z INFO CommandSettings] Flag 'version': 'False'
[2025-11-12 13:34:22Z INFO CommandSettings] Flag 'commit': 'False'
[2025-11-12 13:34:22Z INFO CommandSettings] Flag 'check': 'False'
[2025-11-12 13:34:22Z INFO CommandSettings] Command 'configure': 'False'
[2025-11-12 13:34:22Z INFO CommandSettings] Command 'remove': 'False'
[2025-11-12 13:34:22Z INFO CommandSettings] Command 'warmup': 'False'
[2025-11-12 13:34:22Z INFO ConfigurationManager] LoadSettings
[2025-11-12 13:34:22Z INFO ConfigurationStore] IsConfigured()
[2025-11-12 13:34:22Z INFO ConfigurationStore] IsConfigured: True
[2025-11-12 13:34:22Z INFO ConfigurationManager] Is configured: True
[2025-11-12 13:34:22Z INFO ConfigurationStore] Read setting file: 382 chars
[2025-11-12 13:34:22Z INFO ConfigurationManager] Settings Loaded
[2025-11-12 13:34:22Z INFO ConfigurationStore] IsServiceConfigured()
[2025-11-12 13:34:22Z INFO ConfigurationStore] IsServiceConfigured: False
[2025-11-12 13:34:22Z INFO CommandSettings] Command 'run': 'True'
[2025-11-12 13:34:22Z INFO ConfigurationStore] IsConfigured()
[2025-11-12 13:34:22Z INFO ConfigurationStore] IsConfigured: True
[2025-11-12 13:34:22Z INFO ConfigurationManager] Is configured: True
[2025-11-12 13:34:22Z INFO Runner] Could not parse the argument value '' for StartupType. Defaulting to Manual
[2025-11-12 13:34:22Z INFO Runner] Set runner startup type - Manual
[2025-11-12 13:34:22Z INFO CommandSettings] Flag 'once': 'False'
[2025-11-12 13:34:22Z INFO CommandSettings] Flag 'once': 'False'
[2025-11-12 13:34:22Z INFO Runner] RunAsync
[2025-11-12 13:34:22Z INFO ConfigurationManager] LoadMigratedSettings
[2025-11-12 13:34:22Z INFO ConfigurationStore] IsMigratedConfigured()
[2025-11-12 13:34:22Z INFO ConfigurationStore] IsMigratedConfigured: False
[2025-11-12 13:34:22Z INFO Runner] Failed to load migrated settings: No migrated configuration found.
[2025-11-12 13:34:22Z INFO Runner] Falling back to original .runner settings
[2025-11-12 13:34:22Z INFO Runner] Using BrokerMessageListener
[2025-11-12 13:34:22Z INFO BrokerMessageListener] Using provided settings
[2025-11-12 13:34:22Z INFO BrokerMessageListener] {
  "AgentId": 2,
  "AgentName": "ci_cd",
  "PoolId": 1,
  "PoolName": "Default",
  "ServerUrl": "https://pipelinesghubeus5.actions.githubusercontent.com/5LJ5dINjRoXyEhB9CgxgpprkgEBKbqtWqA1uWoe85j50f6ud27/",
  "GitHubUrl": "https://github.com/KauaOtto/teste",
  "WorkFolder": "_work",
  "UseV2Flow": true,
  "ServerUrlV2": "https://broker.actions.githubusercontent.com/"
}
[2025-11-12 13:34:22Z INFO BrokerMessageListener] Loading Credentials
[2025-11-12 13:34:22Z INFO ConfigurationStore] HasCredentials()
[2025-11-12 13:34:22Z INFO ConfigurationStore] stored True
[2025-11-12 13:34:22Z INFO CredentialManager] GetCredentialProvider
[2025-11-12 13:34:22Z INFO CredentialManager] Creating type OAuth
[2025-11-12 13:34:22Z INFO CredentialManager] Creating credential type: OAuth
[2025-11-12 13:34:22Z INFO HostContext] Well known directory 'Bin': 'C:\Users\secre\Desktop\teste\actions-runner\bin'
[2025-11-12 13:34:22Z INFO HostContext] Well known directory 'Root': 'C:\Users\secre\Desktop\teste\actions-runner'
[2025-11-12 13:34:22Z INFO HostContext] Well known config file 'RSACredentials': 'C:\Users\secre\Desktop\teste\actions-runner\.credentials_rsaparams'
[2025-11-12 13:34:22Z INFO RSAEncryptedFileKeyManager] Loading RSA key parameters from file C:\Users\secre\Desktop\teste\actions-runner\.credentials_rsaparams
[2025-11-12 13:34:22Z INFO BrokerMessageListener] Attempt to create session.
[2025-11-12 13:34:22Z INFO BrokerMessageListener] Connecting to the Broker Server...
[2025-11-12 13:34:22Z INFO ConfigurationStore] HasCredentials()
[2025-11-12 13:34:22Z INFO ConfigurationStore] stored True
[2025-11-12 13:34:22Z INFO CredentialManager] GetCredentialProvider
[2025-11-12 13:34:22Z INFO CredentialManager] Creating type OAuth
[2025-11-12 13:34:22Z INFO CredentialManager] Creating credential type: OAuth
[2025-11-12 13:34:22Z INFO RSAEncryptedFileKeyManager] Loading RSA key parameters from file C:\Users\secre\Desktop\teste\actions-runner\.credentials_rsaparams
[2025-11-12 13:34:22Z INFO BrokerMessageListener] VssConnection created
[2025-11-12 13:34:22Z INFO BrokerMessageListener] Connecting to the Runner server...
[2025-11-12 13:34:22Z INFO RunnerServer] EstablishVssConnection
[2025-11-12 13:34:22Z INFO RunnerServer] Establish connection with 100 seconds timeout.
[2025-11-12 13:34:22Z INFO GitHubActionsService] Starting operation Location.GetConnectionData
[2025-11-12 13:34:22Z INFO RunnerServer] EstablishVssConnection
[2025-11-12 13:34:22Z INFO RunnerServer] Establish connection with 60 seconds timeout.
[2025-11-12 13:34:22Z INFO GitHubActionsService] Starting operation Location.GetConnectionData
[2025-11-12 13:34:22Z INFO RunnerServer] EstablishVssConnection
[2025-11-12 13:34:22Z INFO RunnerServer] Establish connection with 60 seconds timeout.
[2025-11-12 13:34:22Z INFO GitHubActionsService] Starting operation Location.GetConnectionData
[2025-11-12 13:34:23Z INFO GitHubActionsService] Finished operation Location.GetConnectionData
[2025-11-12 13:34:23Z INFO GitHubActionsService] Finished operation Location.GetConnectionData
[2025-11-12 13:34:23Z INFO GitHubActionsService] Finished operation Location.GetConnectionData
[2025-11-12 13:34:23Z INFO BrokerMessageListener] VssConnection created
[2025-11-12 13:34:23Z INFO Terminal] WRITE LINE: 
[2025-11-12 13:34:23Z INFO Terminal] WRITE LINE: 
[2025-11-12 13:34:23Z INFO RSAEncryptedFileKeyManager] Loading RSA key parameters from file C:\Users\secre\Desktop\teste\actions-runner\.credentials_rsaparams
[2025-11-12 13:34:23Z INFO RSAEncryptedFileKeyManager] Loading RSA key parameters from file C:\Users\secre\Desktop\teste\actions-runner\.credentials_rsaparams
[2025-11-12 13:34:24Z INFO GitHubActionsService] AAD Correlation ID for this token request: Unknown
[2025-11-12 13:34:25Z INFO BrokerMessageListener] Session created.
[2025-11-12 13:34:25Z INFO Terminal] WRITE LINE: Current runner version: '2.329.0'
[2025-11-12 13:34:25Z INFO Terminal] WRITE LINE: 2025-11-12 13:34:25Z: Listening for Jobs
[2025-11-12 13:34:25Z INFO JobDispatcher] Set runner/worker IPC timeout to 30 seconds.
[2025-11-12 13:38:01Z INFO BrokerMessageListener] Acknowledging runner request '128e2818-0598-5e1e-9da5-7a20af6642f5'.
[2025-11-12 13:38:01Z INFO ConfigurationStore] HasCredentials()
[2025-11-12 13:38:01Z INFO ConfigurationStore] stored True
[2025-11-12 13:38:01Z INFO CredentialManager] GetCredentialProvider
[2025-11-12 13:38:01Z INFO CredentialManager] Creating type OAuth
[2025-11-12 13:38:01Z INFO CredentialManager] Creating credential type: OAuth
[2025-11-12 13:38:01Z INFO RSAEncryptedFileKeyManager] Loading RSA key parameters from file C:\Users\secre\Desktop\teste\actions-runner\.credentials_rsaparams
[2025-11-12 13:38:01Z INFO RSAEncryptedFileKeyManager] Loading RSA key parameters from file C:\Users\secre\Desktop\teste\actions-runner\.credentials_rsaparams
[2025-11-12 13:38:01Z INFO RSAEncryptedFileKeyManager] Loading RSA key parameters from file C:\Users\secre\Desktop\teste\actions-runner\.credentials_rsaparams
[2025-11-12 13:38:02Z INFO GitHubActionsService] AAD Correlation ID for this token request: Unknown
[2025-11-12 13:38:03Z INFO JobDispatcher] Job request 0 for plan 17f20c87-68c2-44ef-bcab-3d84f384dc1a job 128e2818-0598-5e1e-9da5-7a20af6642f5 received.
[2025-11-12 13:38:03Z INFO JobDispatcher] Pull OrchestrationId 17f20c87-68c2-44ef-bcab-3d84f384dc1a.deploy.__default from JWT claims
[2025-11-12 13:38:03Z INFO BrokerMessageListener] Received job status event. JobState: Busy
[2025-11-12 13:38:03Z INFO BrokerMessageListener] _getMessagesTokenSource is already disposed.
[2025-11-12 13:38:03Z INFO Terminal] WRITE LINE: 2025-11-12 13:38:03Z: Running job: deploy
[2025-11-12 13:38:03Z INFO JobDispatcher] Start renew job request 0 for job 128e2818-0598-5e1e-9da5-7a20af6642f5.
[2025-11-12 13:38:04Z INFO JobDispatcher] Successfully renew job 128e2818-0598-5e1e-9da5-7a20af6642f5, job is valid till 12/11/2025 13:48:03
[2025-11-12 13:38:04Z INFO HostContext] Well known directory 'Bin': 'C:\Users\secre\Desktop\teste\actions-runner\bin'
[2025-11-12 13:38:04Z INFO ProcessInvokerWrapper] Starting process:
[2025-11-12 13:38:04Z INFO ProcessInvokerWrapper]   File name: 'C:\Users\secre\Desktop\teste\actions-runner\bin\Runner.Worker.exe'
[2025-11-12 13:38:04Z INFO ProcessInvokerWrapper]   Arguments: 'spawnclient 2148 2116'
[2025-11-12 13:38:04Z INFO ProcessInvokerWrapper]   Working directory: 'C:\Users\secre\Desktop\teste\actions-runner\bin'
[2025-11-12 13:38:04Z INFO ProcessInvokerWrapper]   Require exit code zero: 'False'
[2025-11-12 13:38:04Z INFO ProcessInvokerWrapper]   Encoding web name:  ; code page: ''
[2025-11-12 13:38:04Z INFO ProcessInvokerWrapper]   Force kill process on cancellation: 'True'
[2025-11-12 13:38:04Z INFO ProcessInvokerWrapper]   Redirected STDIN: 'False'
[2025-11-12 13:38:04Z INFO ProcessInvokerWrapper]   Persist current code page: 'False'
[2025-11-12 13:38:04Z INFO ProcessInvokerWrapper]   Keep redirected STDIN open: 'False'
[2025-11-12 13:38:04Z INFO ProcessInvokerWrapper]   High priority process: 'True'
[2025-11-12 13:38:04Z INFO ProcessInvokerWrapper] Process started with process id 2376, waiting for process exit.
[2025-11-12 13:38:04Z INFO JobDispatcher] Send job request message to worker for job 128e2818-0598-5e1e-9da5-7a20af6642f5.
[2025-11-12 13:38:04Z INFO ProcessChannel] Sending message of length 36123, with hash '62998e18904de3c343cd345839258b4d2a5c1def8562bbb1746efd24fd383ba6'
[2025-11-12 13:38:04Z INFO JobNotification] Entering JobStarted Notification
[2025-11-12 13:38:04Z INFO JobNotification] Entering StartMonitor
[2025-11-12 13:38:58Z INFO ProcessInvokerWrapper] STDOUT/STDERR stream read finished.
[2025-11-12 13:38:58Z INFO ProcessInvokerWrapper] STDOUT/STDERR stream read finished.
[2025-11-12 13:38:58Z INFO ProcessInvokerWrapper] Finished process 2376 with exit code 102, and elapsed time 00:00:54.8094482.
[2025-11-12 13:38:58Z INFO JobDispatcher] Worker finished for job 128e2818-0598-5e1e-9da5-7a20af6642f5. Code: 102
[2025-11-12 13:38:58Z INFO JobDispatcher] finish job request for job 128e2818-0598-5e1e-9da5-7a20af6642f5 with result: Failed
[2025-11-12 13:38:58Z INFO Terminal] WRITE LINE: 2025-11-12 13:38:58Z: Job deploy completed with result: Failed
[2025-11-12 13:38:58Z INFO JobDispatcher] Stop renew job request for job 128e2818-0598-5e1e-9da5-7a20af6642f5.
[2025-11-12 13:38:58Z INFO JobDispatcher] job renew has been cancelled, stop renew job 128e2818-0598-5e1e-9da5-7a20af6642f5.
[2025-11-12 13:38:58Z INFO JobNotification] Entering JobCompleted Notification
[2025-11-12 13:38:58Z INFO JobNotification] Entering EndMonitor
[2025-11-12 13:38:58Z INFO BrokerMessageListener] Received job status event. JobState: Online
[2025-11-12 13:38:58Z WARN GitHubActionsService] GET request to https://broker.actions.githubusercontent.com/message?sessionId=cbd2e5a8-5cdb-42ef-9610-86a5fc639c8b&status=Busy&runnerVersion=2.329.0&os=Windows&architecture=X64&disableUpdate=false has been cancelled.
[2025-11-12 13:38:58Z ERR  BrokerServer] Catch exception during request
[2025-11-12 13:38:59Z ERR  BrokerServer] System.Threading.Tasks.TaskCanceledException: The operation was canceled.
 ---> System.Threading.Tasks.TaskCanceledException: The operation was canceled.
 ---> System.IO.IOException: Unable to read data from the transport connection: A operação de E/S foi anulada devido a uma saída de thread ou a uma requisição de aplicativo..
 ---> System.Net.Sockets.SocketException (995): A operação de E/S foi anulada devido a uma saída de thread ou a uma requisição de aplicativo.
   --- End of inner exception stack trace ---
   at System.Net.Sockets.Socket.AwaitableSocketAsyncEventArgs.ThrowException(SocketError error, CancellationToken cancellationToken)
   at System.Net.Sockets.Socket.AwaitableSocketAsyncEventArgs.System.Threading.Tasks.Sources.IValueTaskSource<System.Int32>.GetResult(Int16 token)
   at System.Net.Security.SslStream.EnsureFullTlsFrameAsync[TIOAdapter](CancellationToken cancellationToken, Int32 estimatedSize)
   at System.Runtime.CompilerServices.PoolingAsyncValueTaskMethodBuilder`1.StateMachineBox`1.System.Threading.Tasks.Sources.IValueTaskSource<TResult>.GetResult(Int16 token)
   at System.Net.Security.SslStream.ReadAsyncInternal[TIOAdapter](Memory`1 buffer, CancellationToken cancellationToken)
   at System.Runtime.CompilerServices.PoolingAsyncValueTaskMethodBuilder`1.StateMachineBox`1.System.Threading.Tasks.Sources.IValueTaskSource<TResult>.GetResult(Int16 token)
   at System.Net.Http.HttpConnection.SendAsync(HttpRequestMessage request, Boolean async, CancellationToken cancellationToken)
   --- End of inner exception stack trace ---
   at System.Net.Http.HttpConnection.SendAsync(HttpRequestMessage request, Boolean async, CancellationToken cancellationToken)
   at System.Net.Http.AuthenticationHelper.SendWithNtAuthAsync(HttpRequestMessage request, Uri authUri, Boolean async, ICredentials credentials, Boolean isProxyAuth, HttpConnection connection, HttpConnectionPool connectionPool, CancellationToken cancellationToken)
   at System.Net.Http.HttpConnectionPool.SendWithVersionDetectionAndRetryAsync(HttpRequestMessage request, Boolean async, Boolean doRequestAuth, CancellationToken cancellationToken)
   at System.Net.Http.AuthenticationHelper.SendWithAuthAsync(HttpRequestMessage request, Uri authUri, Boolean async, ICredentials credentials, Boolean preAuthenticate, Boolean isProxyAuth, Boolean doRequestAuth, HttpConnectionPool pool, CancellationToken cancellationToken)
   at System.Net.Http.RedirectHandler.SendAsync(HttpRequestMessage request, Boolean async, CancellationToken cancellationToken)
   at GitHub.Services.Common.RawHttpMessageHandler.SendAsync(HttpRequestMessage request, CancellationToken cancellationToken)
   at GitHub.Services.Common.VssHttpRetryMessageHandler.SendAsync(HttpRequestMessage request, CancellationToken cancellationToken)
   at System.Net.Http.HttpClient.<SendAsync>g__Core|83_0(HttpRequestMessage request, HttpCompletionOption completionOption, CancellationTokenSource cts, Boolean disposeCts, CancellationTokenSource pendingRequestsCts, CancellationToken originalCancellationToken)
   --- End of inner exception stack trace ---
   at System.Net.Http.HttpClient.HandleFailure(Exception e, Boolean telemetryStarted, HttpResponseMessage response, CancellationTokenSource cts, CancellationToken cancellationToken, CancellationTokenSource pendingRequestsCts)
   at System.Net.Http.HttpClient.<SendAsync>g__Core|83_0(HttpRequestMessage request, HttpCompletionOption completionOption, CancellationTokenSource cts, Boolean disposeCts, CancellationTokenSource pendingRequestsCts, CancellationToken originalCancellationToken)
   at Sdk.WebApi.WebApi.RawHttpClientBase.SendAsync(HttpRequestMessage message, HttpCompletionOption completionOption, Object userState, CancellationToken cancellationToken)
   at Sdk.WebApi.WebApi.RawHttpClientBase.SendAsync[T](HttpRequestMessage message, Boolean readErrorBody, Object userState, CancellationToken cancellationToken)
   at Sdk.WebApi.WebApi.RawHttpClientBase.SendAsync[T](HttpMethod method, IEnumerable`1 additionalHeaders, Uri requestUri, HttpContent content, IEnumerable`1 queryParameters, Boolean readErrorBody, Object userState, CancellationToken cancellationToken)
   at GitHub.Actions.RunService.WebApi.BrokerHttpClient.GetRunnerMessageAsync(Nullable`1 sessionId, String runnerVersion, Nullable`1 status, String os, String architecture, Nullable`1 disableUpdate, CancellationToken cancellationToken)
   at GitHub.Runner.Common.BrokerServer.<>c__DisplayClass7_0.<<GetRunnerMessageAsync>b__0>d.MoveNext()
--- End of stack trace from previous location ---
   at GitHub.Runner.Common.RunnerService.RetryRequest[T](Func`1 func, CancellationToken cancellationToken, Int32 maxAttempts, Func`2 shouldRetry)
[2025-11-12 13:38:59Z ERR  BrokerServer] #####################################################
[2025-11-12 13:38:59Z ERR  BrokerServer] System.Threading.Tasks.TaskCanceledException: The operation was canceled.
 ---> System.IO.IOException: Unable to read data from the transport connection: A operação de E/S foi anulada devido a uma saída de thread ou a uma requisição de aplicativo..
 ---> System.Net.Sockets.SocketException (995): A operação de E/S foi anulada devido a uma saída de thread ou a uma requisição de aplicativo.
   --- End of inner exception stack trace ---
   at System.Net.Sockets.Socket.AwaitableSocketAsyncEventArgs.ThrowException(SocketError error, CancellationToken cancellationToken)
   at System.Net.Sockets.Socket.AwaitableSocketAsyncEventArgs.System.Threading.Tasks.Sources.IValueTaskSource<System.Int32>.GetResult(Int16 token)
   at System.Net.Security.SslStream.EnsureFullTlsFrameAsync[TIOAdapter](CancellationToken cancellationToken, Int32 estimatedSize)
   at System.Runtime.CompilerServices.PoolingAsyncValueTaskMethodBuilder`1.StateMachineBox`1.System.Threading.Tasks.Sources.IValueTaskSource<TResult>.GetResult(Int16 token)
   at System.Net.Security.SslStream.ReadAsyncInternal[TIOAdapter](Memory`1 buffer, CancellationToken cancellationToken)
   at System.Runtime.CompilerServices.PoolingAsyncValueTaskMethodBuilder`1.StateMachineBox`1.System.Threading.Tasks.Sources.IValueTaskSource<TResult>.GetResult(Int16 token)
   at System.Net.Http.HttpConnection.SendAsync(HttpRequestMessage request, Boolean async, CancellationToken cancellationToken)
   --- End of inner exception stack trace ---
   at System.Net.Http.HttpConnection.SendAsync(HttpRequestMessage request, Boolean async, CancellationToken cancellationToken)
   at System.Net.Http.AuthenticationHelper.SendWithNtAuthAsync(HttpRequestMessage request, Uri authUri, Boolean async, ICredentials credentials, Boolean isProxyAuth, HttpConnection connection, HttpConnectionPool connectionPool, CancellationToken cancellationToken)
   at System.Net.Http.HttpConnectionPool.SendWithVersionDetectionAndRetryAsync(HttpRequestMessage request, Boolean async, Boolean doRequestAuth, CancellationToken cancellationToken)
   at System.Net.Http.AuthenticationHelper.SendWithAuthAsync(HttpRequestMessage request, Uri authUri, Boolean async, ICredentials credentials, Boolean preAuthenticate, Boolean isProxyAuth, Boolean doRequestAuth, HttpConnectionPool pool, CancellationToken cancellationToken)
   at System.Net.Http.RedirectHandler.SendAsync(HttpRequestMessage request, Boolean async, CancellationToken cancellationToken)
   at GitHub.Services.Common.RawHttpMessageHandler.SendAsync(HttpRequestMessage request, CancellationToken cancellationToken)
   at GitHub.Services.Common.VssHttpRetryMessageHandler.SendAsync(HttpRequestMessage request, CancellationToken cancellationToken)
   at System.Net.Http.HttpClient.<SendAsync>g__Core|83_0(HttpRequestMessage request, HttpCompletionOption completionOption, CancellationTokenSource cts, Boolean disposeCts, CancellationTokenSource pendingRequestsCts, CancellationToken originalCancellationToken)
[2025-11-12 13:38:59Z ERR  BrokerServer] #####################################################
[2025-11-12 13:38:59Z ERR  BrokerServer] System.IO.IOException: Unable to read data from the transport connection: A operação de E/S foi anulada devido a uma saída de thread ou a uma requisição de aplicativo..
 ---> System.Net.Sockets.SocketException (995): A operação de E/S foi anulada devido a uma saída de thread ou a uma requisição de aplicativo.
   --- End of inner exception stack trace ---
   at System.Net.Sockets.Socket.AwaitableSocketAsyncEventArgs.ThrowException(SocketError error, CancellationToken cancellationToken)
   at System.Net.Sockets.Socket.AwaitableSocketAsyncEventArgs.System.Threading.Tasks.Sources.IValueTaskSource<System.Int32>.GetResult(Int16 token)
   at System.Net.Security.SslStream.EnsureFullTlsFrameAsync[TIOAdapter](CancellationToken cancellationToken, Int32 estimatedSize)
   at System.Runtime.CompilerServices.PoolingAsyncValueTaskMethodBuilder`1.StateMachineBox`1.System.Threading.Tasks.Sources.IValueTaskSource<TResult>.GetResult(Int16 token)
   at System.Net.Security.SslStream.ReadAsyncInternal[TIOAdapter](Memory`1 buffer, CancellationToken cancellationToken)
   at System.Runtime.CompilerServices.PoolingAsyncValueTaskMethodBuilder`1.StateMachineBox`1.System.Threading.Tasks.Sources.IValueTaskSource<TResult>.GetResult(Int16 token)
   at System.Net.Http.HttpConnection.SendAsync(HttpRequestMessage request, Boolean async, CancellationToken cancellationToken)
[2025-11-12 13:38:59Z ERR  BrokerServer] #####################################################
[2025-11-12 13:38:59Z ERR  BrokerServer] System.Net.Sockets.SocketException (995): A operação de E/S foi anulada devido a uma saída de thread ou a uma requisição de aplicativo.
[2025-11-12 13:38:59Z WARN BrokerServer] Back off 13,064 seconds before next retry. 4 attempt left.
[2025-11-12 13:38:59Z INFO BrokerMessageListener] Get messages has been cancelled using local token source. Continue to get messages with new status.
